<?xml version="1.0" encoding="UTF-8"?>
<!-- Generated by org.testng.reporters.JUnitXMLReporter -->
<testsuite ignored="0" hostname="DESKTOP-CLI6E80" failures="0" tests="4" name="Default test" time="14.012" errors="0" timestamp="2020-12-26T20:33:47 IST">
  <testcase classname="CSS.css" name="@BeforeClass beforeClass" time="13.981">
    <failure type="org.openqa.selenium.SessionNotCreatedException" message="session not created
from chrome not reachable
  (Session info: chrome=87.0.4280.88)
Build info: version: &amp;apos;3.141.59&amp;apos;, revision: &amp;apos;e82be7d358&amp;apos;, time: &amp;apos;2018-11-14T08:25:48&amp;apos;
System info: host: &amp;apos;DESKTOP-CLI6E80&amp;apos;, ip: &amp;apos;10.100.102.12&amp;apos;, os.name: &amp;apos;Windows 10&amp;apos;, os.arch: &amp;apos;amd64&amp;apos;, os.version: &amp;apos;10.0&amp;apos;, java.version: &amp;apos;14.0.2&amp;apos;
Driver info: driver.version: ChromeDriver
remote stacktrace: Backtrace:
	Ordinal0 [0x00F2C0C3+3326147]
	Ordinal0 [0x00E10851+2164817]
	Ordinal0 [0x00C97140+618816]
	Ordinal0 [0x00C8D404+578564]
	Ordinal0 [0x00C8DACB+580299]
	Ordinal0 [0x00C8ED35+585013]
	Ordinal0 [0x00C89D61+564577]
	Ordinal0 [0x00C982C0+623296]
	Ordinal0 [0x00C36BDD+224221]
	Ordinal0 [0x00C35CAC+220332]
	Ordinal0 [0x00C3189B+202907]
	Ordinal0 [0x00C13DF4+81396]
	Ordinal0 [0x00C14DEE+85486]
	Ordinal0 [0x00C14D79+85369]
	Ordinal0 [0x00E285DC+2262492]
	GetHandleVerifier [0x010B2874+1487204]
	GetHandleVerifier [0x010B23CD+1486013]
	GetHandleVerifier [0x010BA368+1518680]
	GetHandleVerifier [0x010B2F4E+1488958]
	Ordinal0 [0x00E1ED0D+2223373]
	Ordinal0 [0x00E2A12B+2269483]
	Ordinal0 [0x00E2A26F+2269807]
	Ordinal0 [0x00E3ECB8+2354360]
	BaseThreadInitThunk [0x769EFA29+25]
	RtlGetAppContainerNamedObjectPath [0x77A275F4+228]
	RtlGetAppContainerNamedObjectPath [0x77A275C4+180]
">
      <![CDATA[org.openqa.selenium.SessionNotCreatedException: session not created
from chrome not reachable
  (Session info: chrome=87.0.4280.88)
Build info: version: '3.141.59', revision: 'e82be7d358', time: '2018-11-14T08:25:48'
System info: host: 'DESKTOP-CLI6E80', ip: '10.100.102.12', os.name: 'Windows 10', os.arch: 'amd64', os.version: '10.0', java.version: '14.0.2'
Driver info: driver.version: ChromeDriver
remote stacktrace: Backtrace:
Ordinal0 [0x00F2C0C3+3326147]
Ordinal0 [0x00E10851+2164817]
Ordinal0 [0x00C97140+618816]
Ordinal0 [0x00C8D404+578564]
Ordinal0 [0x00C8DACB+580299]
Ordinal0 [0x00C8ED35+585013]
Ordinal0 [0x00C89D61+564577]
Ordinal0 [0x00C982C0+623296]
Ordinal0 [0x00C36BDD+224221]
Ordinal0 [0x00C35CAC+220332]
Ordinal0 [0x00C3189B+202907]
Ordinal0 [0x00C13DF4+81396]
Ordinal0 [0x00C14DEE+85486]
Ordinal0 [0x00C14D79+85369]
Ordinal0 [0x00E285DC+2262492]
GetHandleVerifier [0x010B2874+1487204]
GetHandleVerifier [0x010B23CD+1486013]
GetHandleVerifier [0x010BA368+1518680]
GetHandleVerifier [0x010B2F4E+1488958]
Ordinal0 [0x00E1ED0D+2223373]
Ordinal0 [0x00E2A12B+2269483]
Ordinal0 [0x00E2A26F+2269807]
Ordinal0 [0x00E3ECB8+2354360]
BaseThreadInitThunk [0x769EFA29+25]
RtlGetAppContainerNamedObjectPath [0x77A275F4+228]
RtlGetAppContainerNamedObjectPath [0x77A275C4+180]

at java.base/jdk.internal.reflect.NativeConstructorAccessorImpl.newInstance0(Native Method)
at java.base/jdk.internal.reflect.NativeConstructorAccessorImpl.newInstance(NativeConstructorAccessorImpl.java:62)
at java.base/jdk.internal.reflect.DelegatingConstructorAccessorImpl.newInstance(DelegatingConstructorAccessorImpl.java:45)
at java.base/java.lang.reflect.Constructor.newInstanceWithCaller(Constructor.java:500)
at java.base/java.lang.reflect.Constructor.newInstance(Constructor.java:481)
at org.openqa.selenium.remote.W3CHandshakeResponse.lambda$errorHandler$0(W3CHandshakeResponse.java:62)
at org.openqa.selenium.remote.HandshakeResponse.lambda$getResponseFunction$0(HandshakeResponse.java:30)
at org.openqa.selenium.remote.ProtocolHandshake.lambda$createSession$0(ProtocolHandshake.java:126)
at java.base/java.util.stream.ReferencePipeline$3$1.accept(ReferencePipeline.java:195)
at java.base/java.util.Spliterators$ArraySpliterator.tryAdvance(Spliterators.java:958)
at java.base/java.util.stream.ReferencePipeline.forEachWithCancel(ReferencePipeline.java:127)
at java.base/java.util.stream.AbstractPipeline.copyIntoWithCancel(AbstractPipeline.java:502)
at java.base/java.util.stream.AbstractPipeline.copyInto(AbstractPipeline.java:488)
at java.base/java.util.stream.AbstractPipeline.wrapAndCopyInto(AbstractPipeline.java:474)
at java.base/java.util.stream.FindOps$FindOp.evaluateSequential(FindOps.java:150)
at java.base/java.util.stream.AbstractPipeline.evaluate(AbstractPipeline.java:234)
at java.base/java.util.stream.ReferencePipeline.findFirst(ReferencePipeline.java:543)
at org.openqa.selenium.remote.ProtocolHandshake.createSession(ProtocolHandshake.java:128)
at org.openqa.selenium.remote.ProtocolHandshake.createSession(ProtocolHandshake.java:74)
at org.openqa.selenium.remote.HttpCommandExecutor.execute(HttpCommandExecutor.java:136)
at org.openqa.selenium.remote.service.DriverCommandExecutor.execute(DriverCommandExecutor.java:83)
at org.openqa.selenium.remote.RemoteWebDriver.execute(RemoteWebDriver.java:552)
at org.openqa.selenium.remote.RemoteWebDriver.startSession(RemoteWebDriver.java:213)
at org.openqa.selenium.remote.RemoteWebDriver.<init>(RemoteWebDriver.java:131)
at org.openqa.selenium.chrome.ChromeDriver.<init>(ChromeDriver.java:181)
at org.openqa.selenium.chrome.ChromeDriver.<init>(ChromeDriver.java:168)
at org.openqa.selenium.chrome.ChromeDriver.<init>(ChromeDriver.java:123)
at CSS.css.beforeClass(css.java:33)
at java.base/jdk.internal.reflect.NativeMethodAccessorImpl.invoke0(Native Method)
at java.base/jdk.internal.reflect.NativeMethodAccessorImpl.invoke(NativeMethodAccessorImpl.java:62)
at java.base/jdk.internal.reflect.DelegatingMethodAccessorImpl.invoke(DelegatingMethodAccessorImpl.java:43)
at java.base/java.lang.reflect.Method.invoke(Method.java:564)
at org.testng.internal.MethodInvocationHelper.invokeMethod(MethodInvocationHelper.java:132)
at org.testng.internal.MethodInvocationHelper.invokeMethodConsideringTimeout(MethodInvocationHelper.java:61)
at org.testng.internal.ConfigInvoker.invokeConfigurationMethod(ConfigInvoker.java:366)
at org.testng.internal.ConfigInvoker.invokeConfigurations(ConfigInvoker.java:320)
at org.testng.internal.TestMethodWorker.invokeBeforeClassMethods(TestMethodWorker.java:176)
at org.testng.internal.TestMethodWorker.run(TestMethodWorker.java:122)
at java.base/java.util.ArrayList.forEach(ArrayList.java:1511)
at org.testng.TestRunner.privateRun(TestRunner.java:764)
at org.testng.TestRunner.run(TestRunner.java:585)
at org.testng.SuiteRunner.runTest(SuiteRunner.java:384)
at org.testng.SuiteRunner.runSequentially(SuiteRunner.java:378)
at org.testng.SuiteRunner.privateRun(SuiteRunner.java:337)
at org.testng.SuiteRunner.run(SuiteRunner.java:286)
at org.testng.SuiteRunnerWorker.runSuite(SuiteRunnerWorker.java:53)
at org.testng.SuiteRunnerWorker.run(SuiteRunnerWorker.java:96)
at org.testng.TestNG.runSuitesSequentially(TestNG.java:1218)
at org.testng.TestNG.runSuitesLocally(TestNG.java:1140)
at org.testng.TestNG.runSuites(TestNG.java:1069)
at org.testng.TestNG.run(TestNG.java:1037)
at org.testng.remote.AbstractRemoteTestNG.run(AbstractRemoteTestNG.java:115)
at org.testng.remote.RemoteTestNG.initAndRun(RemoteTestNG.java:251)
at org.testng.remote.RemoteTestNG.main(RemoteTestNG.java:77)
]]>
    </failure>
  </testcase> <!-- @BeforeClass beforeClass -->
  <testcase classname="CSS.css" name="@AfterClass afterClass" time="-1.609007627398E9">
    <skipped/>
  </testcase> <!-- @AfterClass afterClass -->
  <testcase classname="CSS.css" name="test1" time="0.0">
    <skipped/>
  </testcase> <!-- test1 -->
  <testcase classname="CSS.css" name="test2" time="0.0">
    <skipped/>
  </testcase> <!-- test2 -->
  <testcase classname="CSS.css" name="test3" time="0.0">
    <skipped/>
  </testcase> <!-- test3 -->
  <testcase classname="CSS.css" name="test4" time="0.0">
    <skipped/>
  </testcase> <!-- test4 -->
</testsuite> <!-- Default test -->
