<?xml version="1.0" encoding="UTF-8"?>
<!-- Generated by org.testng.reporters.JUnitXMLReporter -->
<testsuite ignored="0" hostname="DESKTOP-CLI6E80" failures="0" tests="4" name="Ynet test" time="14.107" errors="0" timestamp="2020-12-24T19:04:46 IST">
  <testcase classname="CSS.css" name="@BeforeClass beforeClass" time="14.09">
    <failure type="org.openqa.selenium.SessionNotCreatedException" message="session not created
from chrome not reachable
  (Session info: chrome=87.0.4280.88)
Build info: version: &amp;apos;3.141.59&amp;apos;, revision: &amp;apos;e82be7d358&amp;apos;, time: &amp;apos;2018-11-14T08:25:48&amp;apos;
System info: host: &amp;apos;DESKTOP-CLI6E80&amp;apos;, ip: &amp;apos;10.100.102.12&amp;apos;, os.name: &amp;apos;Windows 10&amp;apos;, os.arch: &amp;apos;amd64&amp;apos;, os.version: &amp;apos;10.0&amp;apos;, java.version: &amp;apos;14.0.2&amp;apos;
Driver info: driver.version: ChromeDriver
remote stacktrace: Backtrace:
	Ordinal0 [0x0044C0C3+3326147]
	Ordinal0 [0x00330851+2164817]
	Ordinal0 [0x001B7140+618816]
	Ordinal0 [0x001AD404+578564]
	Ordinal0 [0x001ADACB+580299]
	Ordinal0 [0x001AED35+585013]
	Ordinal0 [0x001A9D61+564577]
	Ordinal0 [0x001B82C0+623296]
	Ordinal0 [0x00156BDD+224221]
	Ordinal0 [0x00155CAC+220332]
	Ordinal0 [0x0015189B+202907]
	Ordinal0 [0x00133DF4+81396]
	Ordinal0 [0x00134DEE+85486]
	Ordinal0 [0x00134D79+85369]
	Ordinal0 [0x003485DC+2262492]
	GetHandleVerifier [0x005D2874+1487204]
	GetHandleVerifier [0x005D23CD+1486013]
	GetHandleVerifier [0x005DA368+1518680]
	GetHandleVerifier [0x005D2F4E+1488958]
	Ordinal0 [0x0033ED0D+2223373]
	Ordinal0 [0x0034A12B+2269483]
	Ordinal0 [0x0034A26F+2269807]
	Ordinal0 [0x0035ECB8+2354360]
	BaseThreadInitThunk [0x769EFA29+25]
	RtlGetAppContainerNamedObjectPath [0x77A275F4+228]
	RtlGetAppContainerNamedObjectPath [0x77A275C4+180]
">
      <![CDATA[org.openqa.selenium.SessionNotCreatedException: session not created
from chrome not reachable
  (Session info: chrome=87.0.4280.88)
Build info: version: '3.141.59', revision: 'e82be7d358', time: '2018-11-14T08:25:48'
System info: host: 'DESKTOP-CLI6E80', ip: '10.100.102.12', os.name: 'Windows 10', os.arch: 'amd64', os.version: '10.0', java.version: '14.0.2'
Driver info: driver.version: ChromeDriver
remote stacktrace: Backtrace:
Ordinal0 [0x0044C0C3+3326147]
Ordinal0 [0x00330851+2164817]
Ordinal0 [0x001B7140+618816]
Ordinal0 [0x001AD404+578564]
Ordinal0 [0x001ADACB+580299]
Ordinal0 [0x001AED35+585013]
Ordinal0 [0x001A9D61+564577]
Ordinal0 [0x001B82C0+623296]
Ordinal0 [0x00156BDD+224221]
Ordinal0 [0x00155CAC+220332]
Ordinal0 [0x0015189B+202907]
Ordinal0 [0x00133DF4+81396]
Ordinal0 [0x00134DEE+85486]
Ordinal0 [0x00134D79+85369]
Ordinal0 [0x003485DC+2262492]
GetHandleVerifier [0x005D2874+1487204]
GetHandleVerifier [0x005D23CD+1486013]
GetHandleVerifier [0x005DA368+1518680]
GetHandleVerifier [0x005D2F4E+1488958]
Ordinal0 [0x0033ED0D+2223373]
Ordinal0 [0x0034A12B+2269483]
Ordinal0 [0x0034A26F+2269807]
Ordinal0 [0x0035ECB8+2354360]
BaseThreadInitThunk [0x769EFA29+25]
RtlGetAppContainerNamedObjectPath [0x77A275F4+228]
RtlGetAppContainerNamedObjectPath [0x77A275C4+180]

at org.openqa.selenium.remote.W3CHandshakeResponse.lambda$errorHandler$0(W3CHandshakeResponse.java:62)
at org.openqa.selenium.remote.HandshakeResponse.lambda$getResponseFunction$0(HandshakeResponse.java:30)
at org.openqa.selenium.remote.ProtocolHandshake.lambda$createSession$0(ProtocolHandshake.java:126)
at java.base/java.util.stream.ReferencePipeline$3$1.accept(ReferencePipeline.java:195)
at java.base/java.util.Spliterators$ArraySpliterator.tryAdvance(Spliterators.java:958)
at java.base/java.util.stream.ReferencePipeline.forEachWithCancel(ReferencePipeline.java:127)
at java.base/java.util.stream.AbstractPipeline.copyIntoWithCancel(AbstractPipeline.java:502)
at java.base/java.util.stream.AbstractPipeline.copyInto(AbstractPipeline.java:488)
at java.base/java.util.stream.AbstractPipeline.wrapAndCopyInto(AbstractPipeline.java:474)
at java.base/java.util.stream.FindOps$FindOp.evaluateSequential(FindOps.java:150)
at java.base/java.util.stream.AbstractPipeline.evaluate(AbstractPipeline.java:234)
at java.base/java.util.stream.ReferencePipeline.findFirst(ReferencePipeline.java:543)
at org.openqa.selenium.remote.ProtocolHandshake.createSession(ProtocolHandshake.java:128)
at org.openqa.selenium.remote.ProtocolHandshake.createSession(ProtocolHandshake.java:74)
at org.openqa.selenium.remote.HttpCommandExecutor.execute(HttpCommandExecutor.java:136)
at org.openqa.selenium.remote.service.DriverCommandExecutor.execute(DriverCommandExecutor.java:83)
at org.openqa.selenium.remote.RemoteWebDriver.execute(RemoteWebDriver.java:552)
at org.openqa.selenium.remote.RemoteWebDriver.startSession(RemoteWebDriver.java:213)
at org.openqa.selenium.remote.RemoteWebDriver.<init>(RemoteWebDriver.java:131)
at org.openqa.selenium.chrome.ChromeDriver.<init>(ChromeDriver.java:181)
at org.openqa.selenium.chrome.ChromeDriver.<init>(ChromeDriver.java:168)
at org.openqa.selenium.chrome.ChromeDriver.<init>(ChromeDriver.java:123)
at CSS.css.beforeClass(css.java:33)
at java.base/java.util.ArrayList.forEach(ArrayList.java:1511)
at CSS.testNG_runner.main(testNG_runner.java:18)
... Removed 27 stack frames]]>
    </failure>
  </testcase> <!-- @BeforeClass beforeClass -->
  <testcase classname="CSS.css" name="@AfterClass afterClass" time="-1.608829486413E9">
    <skipped/>
  </testcase> <!-- @AfterClass afterClass -->
  <testcase classname="CSS.css" name="test1" time="0.0">
    <skipped/>
  </testcase> <!-- test1 -->
  <testcase classname="CSS.css" name="test2" time="0.0">
    <skipped/>
  </testcase> <!-- test2 -->
  <testcase classname="CSS.css" name="test3" time="0.0">
    <skipped/>
  </testcase> <!-- test3 -->
  <testcase classname="CSS.css" name="test4" time="0.0">
    <skipped/>
  </testcase> <!-- test4 -->
</testsuite> <!-- Ynet test -->
