<?xml version="1.0" encoding="UTF-8"?>
<!-- Generated by org.testng.reporters.JUnitReportReporter -->
<testsuite hostname="DESKTOP-CLI6E80" failures="0" tests="5" name="CSS.css" time="14.090" errors="1" timestamp="2020-12-24T19:04:46 IST" skipped="4">
  <testcase classname="CSS.css" name="beforeClass" time="14.090">
    <error message="session not created
from chrome not reachable
  (Session info: chrome=87.0.4280.88)
Build info: version: &#039;3.141.59&#039;, revision: &#039;e82be7d358&#039;, time: &#039;2018-11-14T08:25:48&#039;
System info: host: &#039;DESKTOP-CLI6E80&#039;, ip: &#039;10.100.102.12&#039;, os.name: &#039;Windows 10&#039;, os.arch: &#039;amd64&#039;, os.version: &#039;10.0&#039;, java.version: &#039;14.0.2&#039;
Driver info: driver.version: ChromeDriver
remote stacktrace: Backtrace:
	Ordinal0 [0x0044C0C3+3326147]
	Ordinal0 [0x00330851+2164817]
	Ordinal0 [0x001B7140+618816]
	Ordinal0 [0x001AD404+578564]
	Ordinal0 [0x001ADACB+580299]
	Ordinal0 [0x001AED35+585013]
	Ordinal0 [0x001A9D61+564577]
	Ordinal0 [0x001B82C0+623296]
	Ordinal0 [0x00156BDD+224221]
	Ordinal0 [0x00155CAC+220332]
	Ordinal0 [0x0015189B+202907]
	Ordinal0 [0x00133DF4+81396]
	Ordinal0 [0x00134DEE+85486]
	Ordinal0 [0x00134D79+85369]
	Ordinal0 [0x003485DC+2262492]
	GetHandleVerifier [0x005D2874+1487204]
	GetHandleVerifier [0x005D23CD+1486013]
	GetHandleVerifier [0x005DA368+1518680]
	GetHandleVerifier [0x005D2F4E+1488958]
	Ordinal0 [0x0033ED0D+2223373]
	Ordinal0 [0x0034A12B+2269483]
	Ordinal0 [0x0034A26F+2269807]
	Ordinal0 [0x0035ECB8+2354360]
	BaseThreadInitThunk [0x769EFA29+25]
	RtlGetAppContainerNamedObjectPath [0x77A275F4+228]
	RtlGetAppContainerNamedObjectPath [0x77A275C4+180]
" type="org.openqa.selenium.SessionNotCreatedException">
      <![CDATA[org.openqa.selenium.SessionNotCreatedException: session not created
from chrome not reachable
  (Session info: chrome=87.0.4280.88)
Build info: version: '3.141.59', revision: 'e82be7d358', time: '2018-11-14T08:25:48'
System info: host: 'DESKTOP-CLI6E80', ip: '10.100.102.12', os.name: 'Windows 10', os.arch: 'amd64', os.version: '10.0', java.version: '14.0.2'
Driver info: driver.version: ChromeDriver
remote stacktrace: Backtrace:
Ordinal0 [0x0044C0C3+3326147]
Ordinal0 [0x00330851+2164817]
Ordinal0 [0x001B7140+618816]
Ordinal0 [0x001AD404+578564]
Ordinal0 [0x001ADACB+580299]
Ordinal0 [0x001AED35+585013]
Ordinal0 [0x001A9D61+564577]
Ordinal0 [0x001B82C0+623296]
Ordinal0 [0x00156BDD+224221]
Ordinal0 [0x00155CAC+220332]
Ordinal0 [0x0015189B+202907]
Ordinal0 [0x00133DF4+81396]
Ordinal0 [0x00134DEE+85486]
Ordinal0 [0x00134D79+85369]
Ordinal0 [0x003485DC+2262492]
GetHandleVerifier [0x005D2874+1487204]
GetHandleVerifier [0x005D23CD+1486013]
GetHandleVerifier [0x005DA368+1518680]
GetHandleVerifier [0x005D2F4E+1488958]
Ordinal0 [0x0033ED0D+2223373]
Ordinal0 [0x0034A12B+2269483]
Ordinal0 [0x0034A26F+2269807]
Ordinal0 [0x0035ECB8+2354360]
BaseThreadInitThunk [0x769EFA29+25]
RtlGetAppContainerNamedObjectPath [0x77A275F4+228]
RtlGetAppContainerNamedObjectPath [0x77A275C4+180]

at java.base/jdk.internal.reflect.NativeConstructorAccessorImpl.newInstance0(Native Method)
at java.base/jdk.internal.reflect.NativeConstructorAccessorImpl.newInstance(NativeConstructorAccessorImpl.java:62)
at java.base/jdk.internal.reflect.DelegatingConstructorAccessorImpl.newInstance(DelegatingConstructorAccessorImpl.java:45)
at java.base/java.lang.reflect.Constructor.newInstanceWithCaller(Constructor.java:500)
at java.base/java.lang.reflect.Constructor.newInstance(Constructor.java:481)
at org.openqa.selenium.remote.W3CHandshakeResponse.lambda$errorHandler$0(W3CHandshakeResponse.java:62)
at org.openqa.selenium.remote.HandshakeResponse.lambda$getResponseFunction$0(HandshakeResponse.java:30)
at org.openqa.selenium.remote.ProtocolHandshake.lambda$createSession$0(ProtocolHandshake.java:126)
at java.base/java.util.stream.ReferencePipeline$3$1.accept(ReferencePipeline.java:195)
at java.base/java.util.Spliterators$ArraySpliterator.tryAdvance(Spliterators.java:958)
at java.base/java.util.stream.ReferencePipeline.forEachWithCancel(ReferencePipeline.java:127)
at java.base/java.util.stream.AbstractPipeline.copyIntoWithCancel(AbstractPipeline.java:502)
at java.base/java.util.stream.AbstractPipeline.copyInto(AbstractPipeline.java:488)
at java.base/java.util.stream.AbstractPipeline.wrapAndCopyInto(AbstractPipeline.java:474)
at java.base/java.util.stream.FindOps$FindOp.evaluateSequential(FindOps.java:150)
at java.base/java.util.stream.AbstractPipeline.evaluate(AbstractPipeline.java:234)
at java.base/java.util.stream.ReferencePipeline.findFirst(ReferencePipeline.java:543)
at org.openqa.selenium.remote.ProtocolHandshake.createSession(ProtocolHandshake.java:128)
at org.openqa.selenium.remote.ProtocolHandshake.createSession(ProtocolHandshake.java:74)
at org.openqa.selenium.remote.HttpCommandExecutor.execute(HttpCommandExecutor.java:136)
at org.openqa.selenium.remote.service.DriverCommandExecutor.execute(DriverCommandExecutor.java:83)
at org.openqa.selenium.remote.RemoteWebDriver.execute(RemoteWebDriver.java:552)
at org.openqa.selenium.remote.RemoteWebDriver.startSession(RemoteWebDriver.java:213)
at org.openqa.selenium.remote.RemoteWebDriver.<init>(RemoteWebDriver.java:131)
at org.openqa.selenium.chrome.ChromeDriver.<init>(ChromeDriver.java:181)
at org.openqa.selenium.chrome.ChromeDriver.<init>(ChromeDriver.java:168)
at org.openqa.selenium.chrome.ChromeDriver.<init>(ChromeDriver.java:123)
at CSS.css.beforeClass(css.java:33)
at java.base/jdk.internal.reflect.NativeMethodAccessorImpl.invoke0(Native Method)
at java.base/jdk.internal.reflect.NativeMethodAccessorImpl.invoke(NativeMethodAccessorImpl.java:62)
at java.base/jdk.internal.reflect.DelegatingMethodAccessorImpl.invoke(DelegatingMethodAccessorImpl.java:43)
at java.base/java.lang.reflect.Method.invoke(Method.java:564)
at org.testng.internal.MethodInvocationHelper.invokeMethod(MethodInvocationHelper.java:132)
at org.testng.internal.MethodInvocationHelper.invokeMethodConsideringTimeout(MethodInvocationHelper.java:61)
at org.testng.internal.ConfigInvoker.invokeConfigurationMethod(ConfigInvoker.java:366)
at org.testng.internal.ConfigInvoker.invokeConfigurations(ConfigInvoker.java:320)
at org.testng.internal.TestMethodWorker.invokeBeforeClassMethods(TestMethodWorker.java:176)
at org.testng.internal.TestMethodWorker.run(TestMethodWorker.java:122)
at java.base/java.util.ArrayList.forEach(ArrayList.java:1511)
at org.testng.TestRunner.privateRun(TestRunner.java:764)
at org.testng.TestRunner.run(TestRunner.java:585)
at org.testng.SuiteRunner.runTest(SuiteRunner.java:384)
at org.testng.SuiteRunner.runSequentially(SuiteRunner.java:378)
at org.testng.SuiteRunner.privateRun(SuiteRunner.java:337)
at org.testng.SuiteRunner.run(SuiteRunner.java:286)
at org.testng.SuiteRunnerWorker.runSuite(SuiteRunnerWorker.java:53)
at org.testng.SuiteRunnerWorker.run(SuiteRunnerWorker.java:96)
at org.testng.TestNG.runSuitesSequentially(TestNG.java:1218)
at org.testng.TestNG.runSuitesLocally(TestNG.java:1140)
at org.testng.TestNG.runSuites(TestNG.java:1069)
at org.testng.TestNG.run(TestNG.java:1037)
at CSS.testNG_runner.main(testNG_runner.java:18)
]]>
    </error>
  </testcase> <!-- beforeClass -->
  <system-out/>
  <testcase classname="CSS.css" name="test3" time="0.000">
    <skipped/>
  </testcase> <!-- test3 -->
  <system-out/>
  <testcase classname="CSS.css" name="test4" time="0.000">
    <skipped/>
  </testcase> <!-- test4 -->
  <system-out/>
  <testcase classname="CSS.css" name="test1" time="0.000">
    <skipped/>
  </testcase> <!-- test1 -->
  <system-out/>
  <testcase classname="CSS.css" name="test2" time="0.000">
    <skipped/>
  </testcase> <!-- test2 -->
  <system-out/>
</testsuite> <!-- CSS.css -->
